<?xml version="1.0" encoding="UTF-8"?>
<!-- Generated by org.testng.reporters.JUnitReportReporter -->
<testsuite hostname="Revathysyam" failures="0" tests="1" name="Testngpkg.Amazonesampleprgm" time="26.445" errors="0" timestamp="2024-04-04T12:13:09 IST" skipped="0">
  <testcase classname="Testngpkg.Amazonesampleprgm" name="amazonpagemtd" time="26.445"/>
  <system-out/>
</testsuite> <!-- Testngpkg.Amazonesampleprgm -->
