<?xml version="1.0" encoding="UTF-8"?>
<!-- Generated by org.testng.reporters.JUnitReportReporter -->
<testsuite hostname="Revathysyam" failures="0" tests="1" name="Testngpkg.Copypastepgm" time="0.840" errors="0" timestamp="2024-03-31T12:41:03 IST" skipped="0">
  <testcase classname="Testngpkg.Copypastepgm" name="copypastemtd" time="0.840"/>
  <system-out/>
</testsuite> <!-- Testngpkg.Copypastepgm -->
