<?xml version="1.0" encoding="UTF-8"?>
<!-- Generated by org.testng.reporters.JUnitReportReporter -->
<testsuite hostname="SyamRevathy" failures="0" tests="3" name="Testngpkg.Differentbrowser" time="7.220" errors="0" timestamp="2024-02-21T09:06:41 IST" skipped="0">
  <testcase classname="Testngpkg.Differentbrowser" name="test" time="2.028"/>
  <system-out/>
  <testcase classname="Testngpkg.Differentbrowser" name="test" time="3.145"/>
  <system-out/>
  <testcase classname="Testngpkg.Differentbrowser" name="test" time="2.047"/>
  <system-out/>
</testsuite> <!-- Testngpkg.Differentbrowser -->
