<?xml version="1.0" encoding="UTF-8"?>
<!-- Generated by org.testng.reporters.JUnitReportReporter -->
<testsuite hostname="Revathysyam" failures="0" tests="1" name="Testngpkg.Automationexcercisepgm" time="12.011" errors="0" timestamp="2024-03-04T11:04:48 IST" skipped="0">
  <testcase classname="Testngpkg.Automationexcercisepgm" name="Newsignin" time="12.011"/>
  <system-out/>
</testsuite> <!-- Testngpkg.Automationexcercisepgm -->
