<?xml version="1.0" encoding="UTF-8"?>
<!-- Generated by org.testng.reporters.JUnitReportReporter -->
<testsuite hostname="Revathysyam" failures="0" tests="1" name="testpkgg.Createacctest" time="3.404" errors="0" timestamp="2024-03-11T09:46:22 IST" skipped="0">
  <testcase classname="testpkgg.Createacctest" name="signinmtd" time="3.404"/>
  <system-out/>
</testsuite> <!-- testpkgg.Createacctest -->
