<?xml version="1.0" encoding="UTF-8"?>
<!-- Generated by org.testng.reporters.JUnitReportReporter -->
<testsuite hostname="SyamRevathy" failures="0" tests="1" name="Testngpkg.Parameterization" time="0.014" errors="0" timestamp="2024-02-20T12:11:39 IST" skipped="0">
  <testcase classname="Testngpkg.Parameterization" name="test" time="0.014"/>
  <system-out/>
</testsuite> <!-- Testngpkg.Parameterization -->
