<?xml version="1.0" encoding="UTF-8"?>
<!-- Generated by org.testng.reporters.JUnitReportReporter -->
<testsuite hostname="Revathysyam" failures="0" tests="1" name="Testngpkg.Windowhandlerpgm" time="6.961" errors="0" timestamp="2024-03-06T09:00:06 IST" skipped="0">
  <testcase classname="Testngpkg.Windowhandlerpgm" name="windowhandlemtd" time="6.961"/>
  <system-out/>
</testsuite> <!-- Testngpkg.Windowhandlerpgm -->
