<?xml version="1.0" encoding="UTF-8"?>
<!-- Generated by org.testng.reporters.JUnitReportReporter -->
<testsuite hostname="Revathysyam" failures="0" tests="1" name="Testngpkg.XMLfileupload" time="58.034" errors="0" timestamp="2024-03-05T19:13:19 IST" skipped="0">
  <testcase classname="Testngpkg.XMLfileupload" name="Multiplevalueenter" time="58.034"/>
  <system-out/>
</testsuite> <!-- Testngpkg.XMLfileupload -->
