<?xml version="1.0" encoding="UTF-8"?>
<!-- Generated by org.testng.reporters.JUnitReportReporter -->
<testsuite hostname="Revathysyam" failures="0" tests="1" name="testpkgg.Fblogintest" time="0.484" errors="0" timestamp="2024-03-06T10:24:26 IST" skipped="0">
  <testcase classname="testpkgg.Fblogintest" name="testlogin" time="0.484"/>
  <system-out/>
</testsuite> <!-- testpkgg.Fblogintest -->
