<?xml version="1.0" encoding="UTF-8"?>
<!-- Generated by org.testng.reporters.JUnitReportReporter -->
<testsuite hostname="SyamRevathy" failures="0" tests="1" name="Testngpkg.Amazonesampleprgm" time="38.635" errors="0" timestamp="2024-03-01T11:02:18 IST" skipped="0">
  <testcase classname="Testngpkg.Amazonesampleprgm" name="amazonpagemtd" time="38.635"/>
  <system-out/>
</testsuite> <!-- Testngpkg.Amazonesampleprgm -->
