<?xml version="1.0" encoding="UTF-8"?>
<!-- Generated by org.testng.reporters.JUnitReportReporter -->
<testsuite hostname="Revathysyam" failures="0" tests="1" name="Testngpkg.Windowhandlerpgm" time="7.899" errors="0" timestamp="2024-03-26T22:53:53 IST" skipped="0">
  <testcase classname="Testngpkg.Windowhandlerpgm" name="windowhandlemtd" time="7.899"/>
  <system-out/>
</testsuite> <!-- Testngpkg.Windowhandlerpgm -->
