<?xml version="1.0" encoding="UTF-8"?>
<!-- Generated by org.testng.reporters.JUnitReportReporter -->
<testsuite hostname="SyamRevathy" failures="0" tests="1" name="Testngpkg.Validationprgm" time="9.149" errors="0" timestamp="2024-02-27T09:06:10 IST" skipped="0">
  <testcase classname="Testngpkg.Validationprgm" name="validationmethod" time="9.149"/>
  <system-out/>
</testsuite> <!-- Testngpkg.Validationprgm -->
