<?xml version="1.0" encoding="UTF-8"?>
<!-- Generated by org.testng.reporters.JUnitReportReporter -->
<testsuite hostname="Revathysyam" failures="0" tests="1" name="Testngpkg.Parameterization" time="0.019" errors="0" timestamp="2024-03-31T12:16:00 IST" skipped="0">
  <testcase classname="Testngpkg.Parameterization" name="test" time="0.019"/>
  <system-out/>
</testsuite> <!-- Testngpkg.Parameterization -->
