<?xml version="1.0" encoding="UTF-8"?>
<!-- Generated by org.testng.reporters.JUnitReportReporter -->
<testsuite hostname="SyamRevathy" failures="0" tests="1" name="Testngpkg.Gurualertpgm" time="5.598" errors="0" timestamp="2024-02-22T10:21:15 IST" skipped="0">
  <testcase classname="Testngpkg.Gurualertpgm" name="alertmtd" time="5.598"/>
  <system-out/>
</testsuite> <!-- Testngpkg.Gurualertpgm -->
