<?xml version="1.0" encoding="UTF-8"?>
<!-- Generated by org.testng.reporters.JUnitReportReporter -->
<testsuite hostname="Revathysyam" failures="0" tests="1" name="Testngpkg.Robotprgm" time="10.799" errors="0" timestamp="2024-03-31T23:57:29 IST" skipped="0">
  <testcase classname="Testngpkg.Robotprgm" name="fileuploadpgm" time="10.799"/>
  <system-out/>
</testsuite> <!-- Testngpkg.Robotprgm -->
