<?xml version="1.0" encoding="UTF-8"?>
<!-- Generated by org.testng.reporters.JUnitReportReporter -->
<testsuite hostname="SyamRevathy" failures="0" tests="1" name="Testngpkg.Faceboklog" time="0.432" errors="0" timestamp="2024-02-21T09:03:56 IST" skipped="0">
  <testcase classname="Testngpkg.Faceboklog" name="facebooklogin" time="0.432"/>
  <system-out/>
</testsuite> <!-- Testngpkg.Faceboklog -->
