<?xml version="1.0" encoding="UTF-8"?>
<!-- Generated by org.testng.reporters.JUnitReportReporter -->
<testsuite hostname="Revathysyam" failures="0" tests="1" name="Testngpkg.Validationprgm" time="11.082" errors="0" timestamp="2024-03-26T17:04:31 IST" skipped="0">
  <testcase classname="Testngpkg.Validationprgm" name="validationmethod" time="11.082"/>
  <system-out/>
</testsuite> <!-- Testngpkg.Validationprgm -->
