<?xml version="1.0" encoding="UTF-8"?>
<!-- Generated by org.testng.reporters.JUnitReportReporter -->
<testsuite hostname="Revathysyam" failures="0" tests="1" name="Testngpkg.Assertionprgm" time="0.020" errors="0" timestamp="2024-03-31T12:43:06 IST" skipped="0">
  <testcase classname="Testngpkg.Assertionprgm" name="titlrverification" time="0.020"/>
  <system-out/>
</testsuite> <!-- Testngpkg.Assertionprgm -->
