<?xml version="1.0" encoding="UTF-8"?>
<!-- Generated by org.testng.reporters.JUnitReportReporter -->
<testsuite hostname="Revathysyam" failures="0" tests="1" name="Testngpkg.Gurualertpgm" time="5.570" errors="0" timestamp="2024-03-26T17:01:55 IST" skipped="0">
  <testcase classname="Testngpkg.Gurualertpgm" name="alertmtd" time="5.570"/>
  <system-out/>
</testsuite> <!-- Testngpkg.Gurualertpgm -->
