<?xml version="1.0" encoding="UTF-8"?>
<!-- Generated by org.testng.reporters.JUnitReportReporter -->
<testsuite hostname="SyamRevathy" failures="0" tests="1" name="Testngpkg.Draganddrop" time="1.319" errors="0" timestamp="2024-02-22T09:10:00 IST" skipped="0">
  <testcase classname="Testngpkg.Draganddrop" name="dragdropmtd" time="1.319"/>
  <system-out/>
</testsuite> <!-- Testngpkg.Draganddrop -->
