<?xml version="1.0" encoding="UTF-8"?>
<!-- Generated by org.testng.reporters.JUnitReportReporter -->
<testsuite hostname="Revathysyam" failures="0" tests="1" name="Testngpkg.Ebayprgm" time="12.404" errors="0" timestamp="2024-03-05T08:55:13 IST" skipped="0">
  <testcase classname="Testngpkg.Ebayprgm" name="ebaymtd" time="12.404"/>
  <system-out/>
</testsuite> <!-- Testngpkg.Ebayprgm -->
