<?xml version="1.0" encoding="UTF-8"?>
<!-- Generated by org.testng.reporters.JUnitReportReporter -->
<testsuite hostname="Revathysyam" failures="0" tests="1" name="Testngpkg.Faceboklog" time="0.295" errors="0" timestamp="2024-03-26T16:57:42 IST" skipped="0">
  <testcase classname="Testngpkg.Faceboklog" name="facebooklogin" time="0.295"/>
  <system-out/>
</testsuite> <!-- Testngpkg.Faceboklog -->
