<?xml version="1.0" encoding="UTF-8"?>
<!-- Generated by org.testng.reporters.JUnitReportReporter -->
<testsuite hostname="Revathysyam" failures="0" tests="3" name="Testngpkg.Differentbrowser" time="4.320" errors="0" timestamp="2024-03-26T16:59:15 IST" skipped="0">
  <testcase classname="Testngpkg.Differentbrowser" name="test" time="1.047"/>
  <system-out/>
  <testcase classname="Testngpkg.Differentbrowser" name="test" time="1.943"/>
  <system-out/>
  <testcase classname="Testngpkg.Differentbrowser" name="test" time="1.330"/>
  <system-out/>
</testsuite> <!-- Testngpkg.Differentbrowser -->
