<?xml version="1.0" encoding="UTF-8"?>
<!-- Generated by org.testng.reporters.JUnitReportReporter -->
<testsuite hostname="Revathysyam" failures="0" tests="1" name="Testngpkg.ExtendedReports" time="2.466" errors="0" timestamp="2024-03-07T12:58:08 IST" skipped="0">
  <testcase classname="Testngpkg.ExtendedReports" name="fbtitleverification" time="2.466"/>
  <system-out/>
</testsuite> <!-- Testngpkg.ExtendedReports -->
