<?xml version="1.0" encoding="UTF-8"?>
<!-- Generated by org.testng.reporters.JUnitReportReporter -->
<testsuite hostname="SyamRevathy" failures="0" tests="1" name="Testngpkg.Robotprgm" time="9.390" errors="0" timestamp="2024-02-23T10:33:01 IST" skipped="0">
  <testcase classname="Testngpkg.Robotprgm" name="fileuploadpgm" time="9.390"/>
  <system-out/>
</testsuite> <!-- Testngpkg.Robotprgm -->
