<?xml version="1.0" encoding="UTF-8"?>
<!-- Generated by org.testng.reporters.JUnitReportReporter -->
<testsuite hostname="SyamRevathy" failures="0" tests="5" name="Testngpkg.Newpgm" time="5.496" errors="0" timestamp="2024-02-20T12:11:13 IST" skipped="0">
  <testcase classname="Testngpkg.Newpgm" name="buttonenabled" time="3.226"/>
  <system-out/>
  <testcase classname="Testngpkg.Newpgm" name="logodisplay" time="0.615"/>
  <system-out/>
  <testcase classname="Testngpkg.Newpgm" name="titleverify" time="0.443"/>
  <system-out/>
  <testcase classname="Testngpkg.Newpgm" name="buttontext" time="0.553"/>
  <system-out/>
  <testcase classname="Testngpkg.Newpgm" name="fullnameverify" time="0.659"/>
  <system-out/>
</testsuite> <!-- Testngpkg.Newpgm -->
