<?xml version="1.0" encoding="UTF-8"?>
<!-- Generated by org.testng.reporters.JUnitReportReporter -->
<testsuite hostname="SyamRevathy" failures="0" tests="1" name="Testngpkg.Amazonscrolldown" time="13.953" errors="0" timestamp="2024-02-29T10:01:49 IST" skipped="0">
  <testcase classname="Testngpkg.Amazonscrolldown" name="scrolldownmtd" time="13.953"/>
  <system-out/>
</testsuite> <!-- Testngpkg.Amazonscrolldown -->
