<?xml version="1.0" encoding="UTF-8"?>
<!-- Generated by org.testng.reporters.JUnitReportReporter -->
<testsuite hostname="SyamRevathy" failures="0" tests="1" name="Testngpkg.Fileuploadpgm" time="0.341" errors="0" timestamp="2024-02-22T12:50:09 IST" skipped="0">
  <testcase classname="Testngpkg.Fileuploadpgm" name="fileuploadmtd" time="0.341"/>
  <system-out/>
</testsuite> <!-- Testngpkg.Fileuploadpgm -->
